2025-07-24 18:32:07,951 - INFO - Model loaded from app/data/model.json
2025-07-24 18:32:07,955 - INFO - Feature columns loaded.
2025-07-24 18:32:07,959 - INFO - Label classes loaded.
2025-07-24 18:33:53,855 - INFO - Prediction successful: Adelie
2025-07-24 18:33:56,013 - INFO - Prediction successful: Adelie
2025-07-24 18:42:14,620 - INFO - Model loaded from app/data/model.json
2025-07-24 18:42:14,620 - INFO - Feature columns loaded.
2025-07-24 18:42:14,621 - INFO - Label classes loaded.
2025-07-24 18:54:25,616 - INFO - Model loaded from app/data/model.json
2025-07-24 18:54:25,617 - INFO - Feature columns loaded.
2025-07-24 18:54:25,618 - INFO - Label classes loaded.
2025-07-24 18:56:05,393 - INFO - Model loaded from app/data/model.json
2025-07-24 18:56:05,394 - INFO - Feature columns loaded.
2025-07-24 18:56:05,394 - INFO - Label classes loaded.
2025-07-24 18:56:05,395 - INFO - Model loaded from app/data/model.json
2025-07-24 18:56:05,395 - INFO - Feature columns loaded.
2025-07-24 18:56:05,395 - INFO - Label classes loaded.
2025-07-24 18:56:47,129 - INFO - Model loaded from app/data/model.json
2025-07-24 18:56:47,129 - INFO - Model loaded from app/data/model.json
2025-07-24 18:56:47,129 - INFO - Feature columns loaded.
2025-07-24 18:56:47,129 - INFO - Feature columns loaded.
2025-07-24 18:56:47,130 - INFO - Label classes loaded.
2025-07-24 18:56:47,130 - INFO - Label classes loaded.
2025-07-24 19:05:47,438 - INFO - Model loaded from app/data/model.json
2025-07-24 19:05:47,439 - INFO - Feature columns loaded.
2025-07-24 19:05:47,439 - INFO - Label classes loaded.
2025-07-24 19:05:47,442 - INFO - Model loaded from app/data/model.json
2025-07-24 19:05:47,442 - INFO - Feature columns loaded.
2025-07-24 19:05:47,442 - INFO - Label classes loaded.
2025-07-24 19:07:51,298 - INFO - Prediction successful: Adelie
2025-07-24 19:08:15,754 - INFO - Prediction successful: Adelie
2025-07-24 19:08:31,426 - INFO - Prediction successful: Gentoo
2025-08-08 15:28:41,678 - INFO - Model loaded from app/data/model.json
2025-08-08 15:28:41,683 - INFO - Feature columns loaded.
2025-08-08 15:28:41,688 - INFO - Label classes loaded.
2025-08-08 15:30:28,576 - INFO - Model loaded from app/data/model.json
2025-08-08 15:30:28,577 - INFO - Feature columns loaded.
2025-08-08 15:30:28,577 - INFO - Label classes loaded.
2025-08-08 15:30:37,183 - INFO - Model loaded from app/data/model.json
2025-08-08 15:30:37,184 - INFO - Feature columns loaded.
2025-08-08 15:30:37,184 - INFO - Label classes loaded.
2025-08-08 15:31:54,401 - INFO - Model loaded from app/data/model.json
2025-08-08 15:31:54,401 - INFO - Feature columns loaded.
2025-08-08 15:31:54,402 - INFO - Label classes loaded.
2025-08-08 15:31:54,484 - INFO - Model loaded from app/data/model.json
2025-08-08 15:31:54,485 - INFO - Feature columns loaded.
2025-08-08 15:31:54,485 - INFO - Label classes loaded.
2025-08-08 15:36:11,254 - INFO - Model loaded from app/data/model.json
2025-08-08 15:36:11,254 - INFO - Model loaded from app/data/model.json
2025-08-08 15:36:11,254 - INFO - Feature columns loaded.
2025-08-08 15:36:11,255 - INFO - Label classes loaded.
2025-08-08 15:36:11,255 - INFO - Feature columns loaded.
2025-08-08 15:36:11,255 - INFO - Label classes loaded.
2025-08-08 17:35:50,790 - INFO - Credentials Path: ./gcp-project-dc-2da6fd56a704.json
2025-08-08 17:35:50,790 - INFO - Bucket Name: lab3-dylan-joy-bucket
2025-08-08 17:35:50,790 - INFO - Blob Name: gcp-project-dc-2da6fd56a704
2025-08-08 17:35:50,908 - INFO - Model loaded from app/data/model.json
2025-08-08 17:35:50,908 - INFO - Feature columns loaded.
2025-08-08 17:35:50,909 - INFO - Label classes loaded.
2025-08-08 17:40:25,638 - ERROR - Failed to load model or metadata: [WinError 32] The process cannot access the file because it is being used by another process: 'C:\\Users\\dylan\\AppData\\Local\\Temp\\tmp8926qbyc'
2025-08-08 17:42:45,552 - INFO - Blob gcp-project-dc-2da6fd56a704.json downloaded to C:\Users\dylan\AppData\Local\Temp\tmpefesfn53.
2025-08-08 17:42:45,867 - ERROR - Failed to load model or metadata: [WinError 32] The process cannot access the file because it is being used by another process: 'C:\\Users\\dylan\\AppData\\Local\\Temp\\tmpbj09c64d'
2025-08-08 17:44:00,525 - INFO - Downloading blob gcp-project-dc-2da6fd56a704.json from bucket lab3-dylan-joy-bucket to C:\Users\dylan\AppData\Local\Temp\tmp0b52aj3w\model.json
2025-08-08 17:44:00,885 - INFO - Blob gcp-project-dc-2da6fd56a704.json downloaded successfully.
2025-08-08 17:44:00,887 - INFO - Downloading blob features.json from bucket lab3-dylan-joy-bucket to C:\Users\dylan\AppData\Local\Temp\tmp0b52aj3w\features.json
2025-08-08 17:44:01,231 - ERROR - Failed to load model or metadata: 404 GET https://storage.googleapis.com/download/storage/v1/b/lab3-dylan-joy-bucket/o/features.json?alt=media: No such object: lab3-dylan-joy-bucket/features.json: ('Request failed with status code', 404, 'Expected one of', <HTTPStatus.OK: 200>, <HTTPStatus.PARTIAL_CONTENT: 206>)
2025-08-08 17:44:18,966 - INFO - Downloading blob gcp-project-dc-2da6fd56a704.json from bucket lab3-dylan-joy-bucket to C:\Users\dylan\AppData\Local\Temp\tmpddxj42kt\model.json
2025-08-08 17:44:19,312 - INFO - Blob gcp-project-dc-2da6fd56a704.json downloaded successfully.
2025-08-08 17:44:19,313 - INFO - Downloading blob features.json from bucket lab3-dylan-joy-bucket to C:\Users\dylan\AppData\Local\Temp\tmpddxj42kt\features.json
2025-08-08 17:44:19,627 - ERROR - Failed to load model or metadata: 404 GET https://storage.googleapis.com/download/storage/v1/b/lab3-dylan-joy-bucket/o/features.json?alt=media: No such object: lab3-dylan-joy-bucket/features.json: ('Request failed with status code', 404, 'Expected one of', <HTTPStatus.OK: 200>, <HTTPStatus.PARTIAL_CONTENT: 206>)
2025-08-08 17:49:20,696 - INFO - Downloading blob gcp-project-dc-2da6fd56a704.json from bucket lab3-dylan-joy-bucket to C:\Users\dylan\AppData\Local\Temp\tmp77eqy_b_\model.json
2025-08-08 17:49:21,062 - INFO - Blob gcp-project-dc-2da6fd56a704.json downloaded successfully.
2025-08-08 17:49:21,064 - INFO - Downloading blob features.json from bucket lab3-dylan-joy-bucket to C:\Users\dylan\AppData\Local\Temp\tmp77eqy_b_\features.json
2025-08-08 17:49:21,401 - INFO - Blob features.json downloaded successfully.
2025-08-08 17:49:21,403 - INFO - Downloading blob labels.json from bucket lab3-dylan-joy-bucket to C:\Users\dylan\AppData\Local\Temp\tmp77eqy_b_\labels.json
2025-08-08 17:49:21,771 - INFO - Blob labels.json downloaded successfully.
2025-08-08 17:49:21,900 - ERROR - Failed to load model or metadata: [17:49:21] C:\actions-runner\_work\xgboost\xgboost\include\xgboost/json.h:82: Invalid cast, from Null to Object
2025-08-08 17:54:53,287 - INFO - Downloading blob gcp-project-dc-2da6fd56a704.json from bucket lab3-dylan-joy-bucket to C:\Users\dylan\AppData\Local\Temp\tmphxqmi95p\model.json
2025-08-08 17:54:53,653 - INFO - Blob gcp-project-dc-2da6fd56a704.json downloaded successfully.
2025-08-08 17:54:53,655 - INFO - Downloading blob features.json from bucket lab3-dylan-joy-bucket to C:\Users\dylan\AppData\Local\Temp\tmphxqmi95p\features.json
2025-08-08 17:54:54,015 - INFO - Blob features.json downloaded successfully.
2025-08-08 17:54:54,017 - INFO - Downloading blob labels.json from bucket lab3-dylan-joy-bucket to C:\Users\dylan\AppData\Local\Temp\tmphxqmi95p\labels.json
2025-08-08 17:54:54,370 - INFO - Blob labels.json downloaded successfully.
2025-08-08 17:54:54,448 - ERROR - Failed to load model or metadata: [17:54:54] C:\actions-runner\_work\xgboost\xgboost\include\xgboost/json.h:82: Invalid cast, from Null to Object
2025-08-08 17:57:39,698 - INFO - Downloading blob gcp-project-dc-2da6fd56a704.json from bucket lab3-dylan-joy-bucket to C:\Users\dylan\AppData\Local\Temp\tmpuljedm4d\model.json
2025-08-08 17:57:40,069 - INFO - Blob gcp-project-dc-2da6fd56a704.json downloaded successfully.
2025-08-08 17:57:40,071 - INFO - Downloading blob features.json from bucket lab3-dylan-joy-bucket to C:\Users\dylan\AppData\Local\Temp\tmpuljedm4d\features.json
2025-08-08 17:57:40,433 - INFO - Blob features.json downloaded successfully.
2025-08-08 17:57:40,435 - INFO - Downloading blob labels.json from bucket lab3-dylan-joy-bucket to C:\Users\dylan\AppData\Local\Temp\tmpuljedm4d\labels.json
2025-08-08 17:57:40,793 - INFO - Blob labels.json downloaded successfully.
2025-08-08 17:57:40,881 - ERROR - Failed to load model or metadata: [17:57:40] C:\actions-runner\_work\xgboost\xgboost\include\xgboost/json.h:82: Invalid cast, from Null to Object
2025-08-08 17:59:36,522 - ERROR - Failed to load model or metadata: None could not be converted to unicode
2025-08-08 18:02:25,428 - INFO - Downloading blob model.json from bucket lab3-dylan-joy-bucket to C:\Users\dylan\AppData\Local\Temp\tmpaoub0ozc\model.json
2025-08-08 18:02:25,886 - INFO - Blob model.json downloaded successfully.
2025-08-08 18:02:25,889 - INFO - Downloading blob features.json from bucket lab3-dylan-joy-bucket to C:\Users\dylan\AppData\Local\Temp\tmpaoub0ozc\features.json
2025-08-08 18:02:26,232 - INFO - Blob features.json downloaded successfully.
2025-08-08 18:02:26,233 - INFO - Downloading blob labels.json from bucket lab3-dylan-joy-bucket to C:\Users\dylan\AppData\Local\Temp\tmpaoub0ozc\labels.json
2025-08-08 18:02:26,581 - INFO - Blob labels.json downloaded successfully.
2025-08-08 18:02:26,673 - INFO - Model loaded from C:\Users\dylan\AppData\Local\Temp\tmpaoub0ozc\model.json
2025-08-08 18:02:26,680 - INFO - Feature columns loaded.
2025-08-08 18:02:26,687 - INFO - Label classes loaded.
2025-08-08 18:41:35,337 - INFO - Downloading blob model.json from bucket lab3-dylan-joy-bucket to C:\Users\dylan\AppData\Local\Temp\tmp8uxg2n0l\model.json
2025-08-08 18:41:35,879 - INFO - Blob model.json downloaded successfully.
2025-08-08 18:41:35,885 - INFO - Downloading blob features.json from bucket lab3-dylan-joy-bucket to C:\Users\dylan\AppData\Local\Temp\tmp8uxg2n0l\features.json
2025-08-08 18:41:36,221 - INFO - Blob features.json downloaded successfully.
2025-08-08 18:41:36,226 - INFO - Downloading blob labels.json from bucket lab3-dylan-joy-bucket to C:\Users\dylan\AppData\Local\Temp\tmp8uxg2n0l\labels.json
2025-08-08 18:41:36,578 - INFO - Blob labels.json downloaded successfully.
2025-08-08 18:41:36,689 - INFO - Model loaded from C:\Users\dylan\AppData\Local\Temp\tmp8uxg2n0l\model.json
2025-08-08 18:41:36,694 - INFO - Feature columns loaded.
2025-08-08 18:41:36,697 - INFO - Label classes loaded.
